Build started 3/1/2017 6:55:08 PM.
     1>Project "c:\Users\stefan-ivan\documents\visual studio 2010\Projects\First\First\First.vcxproj" on node 2 (build target(s)).
     1>InitializeBuildStatus:
         Creating "Debug\First.unsuccessfulbuild" because "AlwaysCreate" was specified.
       ClCompile:
         All outputs are up-to-date.
         c:\Program Files (x86)\Microsoft Visual Studio 10.0\VC\bin\CL.exe /c /ZI /nologo /W3 /WX- /Od /Oy- /D WIN32 /D _DEBUG /D _CONSOLE /D _UNICODE /D UNICODE /Gm /EHsc /RTC1 /MDd /GS /fp:precise /Zc:wchar_t /Zc:forScope /Yu"StdAfx.h" /Fp"Debug\First.pch" /Fo"Debug\\" /Fd"Debug\vc100.pdb" /Gd /TP /analyze- /errorReport:prompt First.cpp
         First.cpp
       ManifestResourceCompile:
         All outputs are up-to-date.
       Link:
         c:\Program Files (x86)\Microsoft Visual Studio 10.0\VC\bin\link.exe /ERRORREPORT:PROMPT /OUT:"c:\users\stefan-ivan\documents\visual studio 2010\Projects\First\Debug\First.exe" /INCREMENTAL /NOLOGO kernel32.lib user32.lib gdi32.lib winspool.lib comdlg32.lib advapi32.lib shell32.lib ole32.lib oleaut32.lib uuid.lib odbc32.lib odbccp32.lib /MANIFEST /ManifestFile:"Debug\First.exe.intermediate.manifest" /MANIFESTUAC:"level='asInvoker' uiAccess='false'" /DEBUG /PDB:"c:\users\stefan-ivan\documents\visual studio 2010\Projects\First\Debug\First.pdb" /SUBSYSTEM:CONSOLE /TLBID:1 /DYNAMICBASE /NXCOMPAT /IMPLIB:"c:\users\stefan-ivan\documents\visual studio 2010\Projects\First\Debug\First.lib" /MACHINE:X86 Debug\First.exe.embed.manifest.res
         Debug\First.obj
         Debug\stdafx.obj
       Manifest:
         C:\Program Files (x86)\Microsoft SDKs\Windows\v7.0A\bin\mt.exe /nologo /verbose /out:"Debug\First.exe.embed.manifest" /manifest Debug\First.exe.intermediate.manifest
         All outputs are up-to-date.
       LinkEmbedManifest:
         All outputs are up-to-date.
         First.vcxproj -> c:\users\stefan-ivan\documents\visual studio 2010\Projects\First\Debug\First.exe
       FinalizeBuildStatus:
         Deleting file "Debug\First.unsuccessfulbuild".
         Touching "Debug\First.lastbuildstate".
     1>Done Building Project "c:\Users\stefan-ivan\documents\visual studio 2010\Projects\First\First\First.vcxproj" (build target(s)).

Build succeeded.

Time Elapsed 00:00:00.94
